{"name":"switch window test","status":"broken","statusDetails":{"known":false,"muted":false,"flaky":false,"message":"Expected condition failed: waiting for visibility of element located by By.xpath: //div[@class='_2Umlwf']//a[contains(text(),'VIEW ALL')] (tried for 10 second(s) with 500 milliseconds interval)","trace":"org.openqa.selenium.TimeoutException: Expected condition failed: waiting for visibility of element located by By.xpath: //div[@class='_2Umlwf']//a[contains(text(),'VIEW ALL')] (tried for 10 second(s) with 500 milliseconds interval)\n\tat org.openqa.selenium.support.ui.WebDriverWait.timeoutException(WebDriverWait.java:113)\n\tat org.openqa.selenium.support.ui.FluentWait.until(FluentWait.java:283)\n\tat BaseObject.PageBase.waitForElementToVisible(PageBase.java:80)\n\tat BaseObject.LoginPage.clickViewAllButton(LoginPage.java:91)\n\tat BasicTest.switchTest(BasicTest.java:59)\n\tat sun.reflect.NativeMethodAccessorImpl.invoke0(Native Method)\n\tat sun.reflect.NativeMethodAccessorImpl.invoke(NativeMethodAccessorImpl.java:62)\n\tat sun.reflect.DelegatingMethodAccessorImpl.invoke(DelegatingMethodAccessorImpl.java:43)\n\tat java.lang.reflect.Method.invoke(Method.java:498)\n\tat org.testng.internal.MethodInvocationHelper.invokeMethod(MethodInvocationHelper.java:124)\n\tat org.testng.internal.Invoker.invokeMethod(Invoker.java:583)\n\tat org.testng.internal.Invoker.invokeTestMethod(Invoker.java:719)\n\tat org.testng.internal.Invoker.invokeTestMethods(Invoker.java:989)\n\tat org.testng.internal.TestMethodWorker.invokeTestMethods(TestMethodWorker.java:125)\n\tat org.testng.internal.TestMethodWorker.run(TestMethodWorker.java:109)\n\tat java.util.concurrent.ThreadPoolExecutor.runWorker(ThreadPoolExecutor.java:1149)\n\tat java.util.concurrent.ThreadPoolExecutor$Worker.run(ThreadPoolExecutor.java:624)\n\tat java.lang.Thread.run(Thread.java:748)\nCaused by: org.openqa.selenium.NoSuchElementException: Cannot locate an element using By.xpath: //div[@class='_2Umlwf']//a[contains(text(),'VIEW ALL')]\nFor documentation on this error, please visit: http://seleniumhq.org/exceptions/no_such_element.html\nBuild info: version: '3.14.0', revision: 'aacccce0', time: '2018-08-02T20:19:58.91Z'\nSystem info: host: 'QMAC0313.local', ip: 'fe80:0:0:0:182c:f70d:d171:fc3d%en0', os.name: 'Mac OS X', os.arch: 'x86_64', os.version: '10.13.6', java.version: '1.8.0_192'\nDriver info: driver.version: unknown\n\tat org.openqa.selenium.support.ui.ExpectedConditions.lambda$findElement$0(ExpectedConditions.java:896)\n\tat java.util.Optional.orElseThrow(Optional.java:290)\n\tat org.openqa.selenium.support.ui.ExpectedConditions.findElement(ExpectedConditions.java:895)\n\tat org.openqa.selenium.support.ui.ExpectedConditions.access$000(ExpectedConditions.java:44)\n\tat org.openqa.selenium.support.ui.ExpectedConditions$7.apply(ExpectedConditions.java:206)\n\tat org.openqa.selenium.support.ui.ExpectedConditions$7.apply(ExpectedConditions.java:202)\n\tat org.openqa.selenium.support.ui.FluentWait.until(FluentWait.java:260)\n\t... 16 more\n"},"stage":"finished","steps":[],"attachments":[],"parameters":[{"name":"switchTest","value":"1"},{"name":"arg0","value":"1"}],"start":1557832709626,"stop":1557832725758,"uuid":"343127bf-f149-477f-a01a-4866a3711136","historyId":"8452aac92cc840f71514eb34eaa3ba28","fullName":"BasicTest.switchTest","labels":[{"name":"package","value":"BasicTest"},{"name":"testClass","value":"BasicTest"},{"name":"testMethod","value":"switchTest"},{"name":"parentSuite","value":"SanityTest"},{"name":"suite","value":"testOne"},{"name":"subSuite","value":"BasicTest"},{"name":"host","value":"QMAC0313.local"},{"name":"thread","value":"45230@QMAC0313.local.TestNG-test=testOne-1(12)"},{"name":"framework","value":"testng"},{"name":"language","value":"java"}],"links":[]}